<?xml version="1.0" encoding="UTF-8"?>
<testng-results ignored="0" total="3" passed="3" failed="0" skipped="0">
  <reporter-output>
  </reporter-output>
  <suite started-at="2024-04-07T14:23:04 EDT" name="Suite" finished-at="2024-04-07T14:23:15 EDT" duration-ms="10307">
    <groups>
    </groups>
    <test started-at="2024-04-07T14:23:04 EDT" name="Test" finished-at="2024-04-07T14:23:15 EDT" duration-ms="10307">
      <class name="abc.logintest">
        <test-method signature="test1()[pri:0, instance:abc.logintest@6f01b95f]" started-at="2024-04-07T14:23:04 EDT" name="test1" finished-at="2024-04-07T14:23:05 EDT" duration-ms="170" status="PASS">
          <reporter-output>
          </reporter-output>
        </test-method> <!-- test1 -->
        <test-method signature="test2()[pri:0, instance:abc.logintest@6f01b95f]" started-at="2024-04-07T14:23:05 EDT" name="test2" finished-at="2024-04-07T14:23:05 EDT" duration-ms="4" status="PASS">
          <reporter-output>
          </reporter-output>
        </test-method> <!-- test2 -->
        <test-method signature="verifyTitle()[pri:0, instance:abc.logintest@6f01b95f]" started-at="2024-04-07T14:23:05 EDT" name="verifyTitle" finished-at="2024-04-07T14:23:15 EDT" duration-ms="9906" status="PASS">
          <reporter-output>
          </reporter-output>
        </test-method> <!-- verifyTitle -->
      </class> <!-- abc.logintest -->
    </test> <!-- Test -->
  </suite> <!-- Suite -->
</testng-results>
